12-22-2023 @ 09:07:54 - ---[ New import started at 2023-12-22 09:07:54 ] PHP Memory: 2 GB, WP Memory: 40 MB
12-22-2023 @ 09:07:54 - Preparing for import.
12-22-2023 @ 09:07:54 - Row :1 - Parsing item.
12-22-2023 @ 09:07:54 - Importing as new product ID:3739
12-22-2023 @ 09:07:54 - Row :1 - Processing item.
12-22-2023 @ 09:07:54 - Found simple product object. ID:3739
12-22-2023 @ 09:07:54 - Setting Featured Image. URL:https://dwstaging.link/cms/lucky23new/wp-content/uploads/2018/12/IMG_20230129_140422.jpg
12-22-2023 @ 09:07:54 - Attachment ID:3740
12-22-2023 @ 09:07:54 - Row :1 - Product imported successfully.
12-22-2023 @ 09:07:54 - Row :2 - Parsing item.
12-22-2023 @ 09:07:54 - Importing as new product ID:3741
12-22-2023 @ 09:07:54 - Row :2 - Processing item.
12-22-2023 @ 09:07:54 - Found simple product object. ID:3741
12-22-2023 @ 09:07:54 - Setting Featured Image. URL:https://dwstaging.link/cms/lucky23new/wp-content/uploads/2018/12/IMG_20230129_140411.jpg
12-22-2023 @ 09:07:54 - Attachment ID:3742
12-22-2023 @ 09:07:55 - Row :2 - Product imported successfully.
12-22-2023 @ 09:07:55 - Row :3 - Parsing item.
12-22-2023 @ 09:07:55 - Importing as new product ID:3743
12-22-2023 @ 09:07:55 - Row :3 - Processing item.
12-22-2023 @ 09:07:55 - Found simple product object. ID:3743
12-22-2023 @ 09:07:55 - Setting Featured Image. URL:https://dwstaging.link/cms/lucky23new/wp-content/uploads/2018/12/IMG_20230129_140416.jpg
12-22-2023 @ 09:07:55 - Attachment ID:3744
12-22-2023 @ 09:07:56 - Row :3 - Product imported successfully.
12-22-2023 @ 09:07:56 - Row :4 - Parsing item.
12-22-2023 @ 09:07:56 - Importing as new product ID:3745
12-22-2023 @ 09:07:56 - Row :4 - Processing item.
12-22-2023 @ 09:07:56 - Found simple product object. ID:3745
12-22-2023 @ 09:07:56 - Setting Featured Image. URL:https://dwstaging.link/cms/lucky23new/wp-content/uploads/2018/12/IMG_20230129_140359.jpg
12-22-2023 @ 09:07:56 - Attachment ID:3746
12-22-2023 @ 09:07:56 - Row :4 - Product imported successfully.
12-22-2023 @ 09:07:56 - Row :5 - Parsing item.
12-22-2023 @ 09:07:56 - Importing as new product ID:3747
12-22-2023 @ 09:07:56 - Row :5 - Processing item.
12-22-2023 @ 09:07:56 - Found simple product object. ID:3747
12-22-2023 @ 09:07:56 - Setting Featured Image. URL:https://dwstaging.link/cms/lucky23new/wp-content/uploads/2018/12/IMG_20230129_144606.jpg
12-22-2023 @ 09:07:56 - Attachment ID:3748
12-22-2023 @ 09:07:57 - Row :5 - Product imported successfully.
12-22-2023 @ 09:07:57 - Row :6 - Parsing item.
12-22-2023 @ 09:07:57 - Importing as new product ID:3749
12-22-2023 @ 09:07:57 - Row :6 - Processing item.
12-22-2023 @ 09:07:57 - Found simple product object. ID:3749
12-22-2023 @ 09:07:57 - Setting Featured Image. URL:https://dwstaging.link/cms/lucky23new/wp-content/uploads/2018/12/IMG_20230129_144617.jpg
12-22-2023 @ 09:07:57 - Attachment ID:3750
12-22-2023 @ 09:07:57 - Row :6 - Product imported successfully.
12-22-2023 @ 09:07:57 - Row :7 - Parsing item.
12-22-2023 @ 09:07:57 - Importing as new product ID:5846
12-22-2023 @ 09:07:57 - Row :7 - Processing item.
12-22-2023 @ 09:07:57 - Found simple product object. ID:5846
12-22-2023 @ 09:07:57 - Setting Featured Image. URL:https://dwstaging.link/cms/lucky23new/wp-content/uploads/2023/10/1-min.png
12-22-2023 @ 09:07:57 - Attachment ID:5847
12-22-2023 @ 09:07:58 - Row :7 - Product imported successfully.
12-22-2023 @ 09:07:58 - Row :8 - Parsing item.
12-22-2023 @ 09:07:58 - Importing as new product ID:5850
12-22-2023 @ 09:07:58 - Row :8 - Processing item.
12-22-2023 @ 09:07:58 - Found simple product object. ID:5850
12-22-2023 @ 09:07:58 - Setting Featured Image. URL:https://dwstaging.link/cms/lucky23new/wp-content/uploads/2023/10/1-min-1.png
12-22-2023 @ 09:07:58 - Attachment ID:5851
12-22-2023 @ 09:07:58 - Row :8 - Product imported successfully.
12-22-2023 @ 09:07:58 - ---[ Import ended at 2023-12-22 09:07:58]---
